

Version:	3.50
CmdLine:	C:\Users\Alondra Bio\Documents\NetBeansProjects\colorStroopGame\dist\Executable File\Color Stroop.exe --l4j-debug
JNI:		No
WOW64:		Yes
Working dir:	C:\Users\Alondra Bio\Documents\NetBeansProjects\colorStroopGame\dist\Executable File\.
Requires JDK:	No
Requires 64-Bit: No
Java min ver:	
Java max ver:	
Substitute:	JAVA_HOME = 
Substitute:	PATH = D:\Scripts\;D:\;C:\Program Files\Common Files\Oracle\Java\javapath;C:\Program Files (x86)\Common Files\Oracle\Java\javapath;C:\Windows\system32;C:\Windows;C:\Windows\System32\Wbem;C:\Windows\System32\WindowsPowerShell\v1.0\;C:\Windows\System32\OpenSSH\;C:\Program Files\Microsoft SQL Server\150\Tools\Binn\;C:\Program Files\Microsoft SQL Server\Client SDK\ODBC\170\Tools\Binn\;C:\Program Files\dotnet\;C:\Program Files\Java\jdk-18.0.2.1\bin;C:\Users\Alondra Bio\Documents\NetBeansProjects\apache-opennlp-2.1.0-bin\apache-opennlp-2.1.0;C:\Users\Alondra Bio\AppData\Local\Microsoft\WindowsApps;D:\Microsoft VS Code\bin;C:\Users\Alondra Bio\.dotnet\tools;C:\Program Files\Java\jre-1.8\bin
JRE paths:	;D:\Scripts\;D:\;C:\Program Files\Common Files\Oracle\Java\javapath;C:\Program Files (x86)\Common Files\Oracle\Java\javapath;C:\Windows\system32;C:\Windows;C:\Windows\System32\Wbem;C:\Windows\System32\WindowsPowerShell\v1.0\;C:\Windows\System32\OpenSSH\;C:\Program Files\Microsoft SQL Server\150\Tools\Binn\;C:\Program Files\Microsoft SQL Server\Client SDK\ODBC\170\Tools\Binn\;C:\Program Files\dotnet\;C:\Program Files\Java\jdk-18.0.2.1\bin;C:\Users\Alondra Bio\Documents\NetBeansProjects\apache-opennlp-2.1.0-bin\apache-opennlp-2.1.0;C:\Users\Alondra Bio\AppData\Local\Microsoft\WindowsApps;D:\Microsoft VS Code\bin;C:\Users\Alondra Bio\.dotnet\tools;C:\Program Files\Java\jre-1.8\bin
Check launcher:	D:\Scripts\bin\javaw.exe (not found)
Check launcher:	D:\bin\javaw.exe (not found)
Check launcher:	C:\Program Files\Common Files\Oracle\Java\javapath\bin\javaw.exe (not found)
Check launcher:	C:\Program Files (x86)\Common Files\Oracle\Java\javapath\bin\javaw.exe (not found)
Check launcher:	C:\Windows\system32\bin\javaw.exe (not found)
Check launcher:	C:\Windows\bin\javaw.exe (not found)
Check launcher:	C:\Windows\System32\Wbem\bin\javaw.exe (not found)
Check launcher:	C:\Windows\System32\WindowsPowerShell\v1.0\bin\javaw.exe (not found)
Check launcher:	C:\Windows\System32\OpenSSH\bin\javaw.exe (not found)
Check launcher:	C:\Program Files\Microsoft SQL Server\150\Tools\Binn\bin\javaw.exe (not found)
Check launcher:	C:\Program Files\Microsoft SQL Server\Client SDK\ODBC\170\Tools\Binn\bin\javaw.exe (not found)
Check launcher:	C:\Program Files\dotnet\bin\javaw.exe (not found)
Check launcher:	C:\Program Files\Java\jdk-18.0.2.1\bin\javaw.exe (not found)
Check launcher:	C:\Users\Alondra Bio\Documents\NetBeansProjects\apache-opennlp-2.1.0-bin\apache-opennlp-2.1.0\bin\javaw.exe (not found)
Check launcher:	C:\Users\Alondra Bio\AppData\Local\Microsoft\WindowsApps\bin\javaw.exe (not found)
Check launcher:	D:\Microsoft VS Code\bin\javaw.exe (not found)
Check launcher:	C:\Users\Alondra Bio\.dotnet\tools\bin\javaw.exe (not found)
Check launcher:	C:\Program Files\Java\jre-1.8\bin\javaw.exe (OK)
Version string: 1.008.000_371 / 64-Bit (OK)
Launcher:	C:\Program Files\Java\jre-1.8\bin\javaw.exe
Launcher args:	-jar "C:\Users\Alondra Bio\Documents\NetBeansProjects\colorStroopGame\dist\Executable File\Color Stroop.exe"
Args length:	108/32768 chars
Exit code:	0


Version:	3.50
CmdLine:	C:\Users\Alondra Bio\Documents\NetBeansProjects\colorStroopGame\dist\Executable File\Color Stroop.exe --l4j-debug
JNI:		No
WOW64:		Yes
Working dir:	C:\Users\Alondra Bio\Documents\NetBeansProjects\colorStroopGame\dist\Executable File\.
Requires JDK:	No
Requires 64-Bit: No
Java min ver:	
Java max ver:	
Substitute:	JAVA_HOME = 
Substitute:	PATH = D:\Scripts\;D:\;C:\Program Files\Common Files\Oracle\Java\javapath;C:\Program Files (x86)\Common Files\Oracle\Java\javapath;C:\Windows\system32;C:\Windows;C:\Windows\System32\Wbem;C:\Windows\System32\WindowsPowerShell\v1.0\;C:\Windows\System32\OpenSSH\;C:\Program Files\Microsoft SQL Server\150\Tools\Binn\;C:\Program Files\Microsoft SQL Server\Client SDK\ODBC\170\Tools\Binn\;C:\Program Files\dotnet\;C:\Program Files\Java\jdk-18.0.2.1\bin;C:\Users\Alondra Bio\Documents\NetBeansProjects\apache-opennlp-2.1.0-bin\apache-opennlp-2.1.0;C:\Users\Alondra Bio\AppData\Local\Microsoft\WindowsApps;D:\Microsoft VS Code\bin;C:\Users\Alondra Bio\.dotnet\tools;C:\Program Files\Java\jre-1.8\bin
JRE paths:	;D:\Scripts\;D:\;C:\Program Files\Common Files\Oracle\Java\javapath;C:\Program Files (x86)\Common Files\Oracle\Java\javapath;C:\Windows\system32;C:\Windows;C:\Windows\System32\Wbem;C:\Windows\System32\WindowsPowerShell\v1.0\;C:\Windows\System32\OpenSSH\;C:\Program Files\Microsoft SQL Server\150\Tools\Binn\;C:\Program Files\Microsoft SQL Server\Client SDK\ODBC\170\Tools\Binn\;C:\Program Files\dotnet\;C:\Program Files\Java\jdk-18.0.2.1\bin;C:\Users\Alondra Bio\Documents\NetBeansProjects\apache-opennlp-2.1.0-bin\apache-opennlp-2.1.0;C:\Users\Alondra Bio\AppData\Local\Microsoft\WindowsApps;D:\Microsoft VS Code\bin;C:\Users\Alondra Bio\.dotnet\tools;C:\Program Files\Java\jre-1.8\bin
Check launcher:	D:\Scripts\bin\javaw.exe (not found)
Check launcher:	D:\bin\javaw.exe (not found)
Check launcher:	C:\Program Files\Common Files\Oracle\Java\javapath\bin\javaw.exe (not found)
Check launcher:	C:\Program Files (x86)\Common Files\Oracle\Java\javapath\bin\javaw.exe (not found)
Check launcher:	C:\Windows\system32\bin\javaw.exe (not found)
Check launcher:	C:\Windows\bin\javaw.exe (not found)
Check launcher:	C:\Windows\System32\Wbem\bin\javaw.exe (not found)
Check launcher:	C:\Windows\System32\WindowsPowerShell\v1.0\bin\javaw.exe (not found)
Check launcher:	C:\Windows\System32\OpenSSH\bin\javaw.exe (not found)
Check launcher:	C:\Program Files\Microsoft SQL Server\150\Tools\Binn\bin\javaw.exe (not found)
Check launcher:	C:\Program Files\Microsoft SQL Server\Client SDK\ODBC\170\Tools\Binn\bin\javaw.exe (not found)
Check launcher:	C:\Program Files\dotnet\bin\javaw.exe (not found)
Check launcher:	C:\Program Files\Java\jdk-18.0.2.1\bin\javaw.exe (not found)
Check launcher:	C:\Users\Alondra Bio\Documents\NetBeansProjects\apache-opennlp-2.1.0-bin\apache-opennlp-2.1.0\bin\javaw.exe (not found)
Check launcher:	C:\Users\Alondra Bio\AppData\Local\Microsoft\WindowsApps\bin\javaw.exe (not found)
Check launcher:	D:\Microsoft VS Code\bin\javaw.exe (not found)
Check launcher:	C:\Users\Alondra Bio\.dotnet\tools\bin\javaw.exe (not found)
Check launcher:	C:\Program Files\Java\jre-1.8\bin\javaw.exe (OK)
Version string: 1.008.000_371 / 64-Bit (OK)
Launcher:	C:\Program Files\Java\jre-1.8\bin\javaw.exe
Launcher args:	-jar "C:\Users\Alondra Bio\Documents\NetBeansProjects\colorStroopGame\dist\Executable File\Color Stroop.exe"
Args length:	108/32768 chars
Exit code:	0


Version:	3.50
CmdLine:	C:\Users\Alondra Bio\Documents\NetBeansProjects\colorStroopGame\dist\Executable File\Color Stroop.exe --l4j-debug
JNI:		No
WOW64:		Yes
Working dir:	C:\Users\Alondra Bio\Documents\NetBeansProjects\colorStroopGame\dist\Executable File\.
Requires JDK:	No
Requires 64-Bit: No
Java min ver:	
Java max ver:	
Substitute:	JAVA_HOME = 
Substitute:	PATH = C:\Program Files\Common Files\Oracle\Java\javapath;C:\Program Files (x86)\Common Files\Oracle\Java\javapath;D:\Scripts\;D:\;C:\Windows\system32;C:\Windows;C:\Windows\System32\Wbem;C:\Windows\System32\WindowsPowerShell\v1.0\;C:\Windows\System32\OpenSSH\;C:\Program Files\Microsoft SQL Server\150\Tools\Binn\;C:\Program Files\Microsoft SQL Server\Client SDK\ODBC\170\Tools\Binn\;C:\Program Files\dotnet\;C:\Program Files\Java\jdk-18.0.2.1\bin;C:\Users\Alondra Bio\Documents\NetBeansProjects\apache-opennlp-2.1.0-bin\apache-opennlp-2.1.0;C:\Users\Alondra Bio\AppData\Local\Microsoft\WindowsApps;D:\Microsoft VS Code\bin;C:\Users\Alondra Bio\.dotnet\tools;C:\Program Files\Java\jdk-20\bin
JRE paths:	;C:\Program Files\Common Files\Oracle\Java\javapath;C:\Program Files (x86)\Common Files\Oracle\Java\javapath;D:\Scripts\;D:\;C:\Windows\system32;C:\Windows;C:\Windows\System32\Wbem;C:\Windows\System32\WindowsPowerShell\v1.0\;C:\Windows\System32\OpenSSH\;C:\Program Files\Microsoft SQL Server\150\Tools\Binn\;C:\Program Files\Microsoft SQL Server\Client SDK\ODBC\170\Tools\Binn\;C:\Program Files\dotnet\;C:\Program Files\Java\jdk-18.0.2.1\bin;C:\Users\Alondra Bio\Documents\NetBeansProjects\apache-opennlp-2.1.0-bin\apache-opennlp-2.1.0;C:\Users\Alondra Bio\AppData\Local\Microsoft\WindowsApps;D:\Microsoft VS Code\bin;C:\Users\Alondra Bio\.dotnet\tools;C:\Program Files\Java\jdk-20\bin
Check launcher:	C:\Program Files\Common Files\Oracle\Java\javapath\bin\javaw.exe (not found)
Check launcher:	C:\Program Files (x86)\Common Files\Oracle\Java\javapath\bin\javaw.exe (not found)
Check launcher:	D:\Scripts\bin\javaw.exe (not found)
Check launcher:	D:\bin\javaw.exe (not found)
Check launcher:	C:\Windows\system32\bin\javaw.exe (not found)
Check launcher:	C:\Windows\bin\javaw.exe (not found)
Check launcher:	C:\Windows\System32\Wbem\bin\javaw.exe (not found)
Check launcher:	C:\Windows\System32\WindowsPowerShell\v1.0\bin\javaw.exe (not found)
Check launcher:	C:\Windows\System32\OpenSSH\bin\javaw.exe (not found)
Check launcher:	C:\Program Files\Microsoft SQL Server\150\Tools\Binn\bin\javaw.exe (not found)
Check launcher:	C:\Program Files\Microsoft SQL Server\Client SDK\ODBC\170\Tools\Binn\bin\javaw.exe (not found)
Check launcher:	C:\Program Files\dotnet\bin\javaw.exe (not found)
Check launcher:	C:\Program Files\Java\jdk-18.0.2.1\bin\javaw.exe (not found)
Check launcher:	C:\Users\Alondra Bio\Documents\NetBeansProjects\apache-opennlp-2.1.0-bin\apache-opennlp-2.1.0\bin\javaw.exe (not found)
Check launcher:	C:\Users\Alondra Bio\AppData\Local\Microsoft\WindowsApps\bin\javaw.exe (not found)
Check launcher:	D:\Microsoft VS Code\bin\javaw.exe (not found)
Check launcher:	C:\Users\Alondra Bio\.dotnet\tools\bin\javaw.exe (not found)
Check launcher:	C:\Program Files\Java\jdk-20\bin\javaw.exe (OK)
Version string: 1.020.000_001 / 64-Bit (OK)
Launcher:	C:\Program Files\Java\jdk-20\bin\javaw.exe
Launcher args:	-jar "C:\Users\Alondra Bio\Documents\NetBeansProjects\colorStroopGame\dist\Executable File\Color Stroop.exe"
Args length:	108/32768 chars
Exit code:	0


Version:	3.50
CmdLine:	C:\Users\Alondra Bio\Documents\NetBeansProjects\colorStroopGame\dist\Executable File\Color Stroop.exe --l4j-debug
JNI:		No
WOW64:		Yes
Working dir:	C:\Users\Alondra Bio\Documents\NetBeansProjects\colorStroopGame\dist\Executable File\.
Requires JDK:	No
Requires 64-Bit: No
Java min ver:	
Java max ver:	
Substitute:	JAVA_HOME = 
Substitute:	PATH = C:\Program Files\Common Files\Oracle\Java\javapath;C:\Program Files (x86)\Common Files\Oracle\Java\javapath;D:\Scripts\;D:\;C:\Windows\system32;C:\Windows;C:\Windows\System32\Wbem;C:\Windows\System32\WindowsPowerShell\v1.0\;C:\Windows\System32\OpenSSH\;C:\Program Files\Microsoft SQL Server\150\Tools\Binn\;C:\Program Files\Microsoft SQL Server\Client SDK\ODBC\170\Tools\Binn\;C:\Program Files\dotnet\;C:\Program Files\Java\jdk-18.0.2.1\bin;C:\Users\Alondra Bio\Documents\NetBeansProjects\apache-opennlp-2.1.0-bin\apache-opennlp-2.1.0;C:\Users\Alondra Bio\AppData\Local\Microsoft\WindowsApps;D:\Microsoft VS Code\bin;C:\Users\Alondra Bio\.dotnet\tools;C:\Program Files\Java\jdk-20\bin
JRE paths:	;C:\Program Files\Common Files\Oracle\Java\javapath;C:\Program Files (x86)\Common Files\Oracle\Java\javapath;D:\Scripts\;D:\;C:\Windows\system32;C:\Windows;C:\Windows\System32\Wbem;C:\Windows\System32\WindowsPowerShell\v1.0\;C:\Windows\System32\OpenSSH\;C:\Program Files\Microsoft SQL Server\150\Tools\Binn\;C:\Program Files\Microsoft SQL Server\Client SDK\ODBC\170\Tools\Binn\;C:\Program Files\dotnet\;C:\Program Files\Java\jdk-18.0.2.1\bin;C:\Users\Alondra Bio\Documents\NetBeansProjects\apache-opennlp-2.1.0-bin\apache-opennlp-2.1.0;C:\Users\Alondra Bio\AppData\Local\Microsoft\WindowsApps;D:\Microsoft VS Code\bin;C:\Users\Alondra Bio\.dotnet\tools;C:\Program Files\Java\jdk-20\bin
Check launcher:	C:\Program Files\Common Files\Oracle\Java\javapath\bin\javaw.exe (not found)
Check launcher:	C:\Program Files (x86)\Common Files\Oracle\Java\javapath\bin\javaw.exe (not found)
Check launcher:	D:\Scripts\bin\javaw.exe (not found)
Check launcher:	D:\bin\javaw.exe (not found)
Check launcher:	C:\Windows\system32\bin\javaw.exe (not found)
Check launcher:	C:\Windows\bin\javaw.exe (not found)
Check launcher:	C:\Windows\System32\Wbem\bin\javaw.exe (not found)
Check launcher:	C:\Windows\System32\WindowsPowerShell\v1.0\bin\javaw.exe (not found)
Check launcher:	C:\Windows\System32\OpenSSH\bin\javaw.exe (not found)
Check launcher:	C:\Program Files\Microsoft SQL Server\150\Tools\Binn\bin\javaw.exe (not found)
Check launcher:	C:\Program Files\Microsoft SQL Server\Client SDK\ODBC\170\Tools\Binn\bin\javaw.exe (not found)
Check launcher:	C:\Program Files\dotnet\bin\javaw.exe (not found)
Check launcher:	C:\Program Files\Java\jdk-18.0.2.1\bin\javaw.exe (not found)
Check launcher:	C:\Users\Alondra Bio\Documents\NetBeansProjects\apache-opennlp-2.1.0-bin\apache-opennlp-2.1.0\bin\javaw.exe (not found)
Check launcher:	C:\Users\Alondra Bio\AppData\Local\Microsoft\WindowsApps\bin\javaw.exe (not found)
Check launcher:	D:\Microsoft VS Code\bin\javaw.exe (not found)
Check launcher:	C:\Users\Alondra Bio\.dotnet\tools\bin\javaw.exe (not found)
Check launcher:	C:\Program Files\Java\jdk-20\bin\javaw.exe (OK)
Version string: 1.020.000_001 / 64-Bit (OK)
Launcher:	C:\Program Files\Java\jdk-20\bin\javaw.exe
Launcher args:	-jar "C:\Users\Alondra Bio\Documents\NetBeansProjects\colorStroopGame\dist\Executable File\Color Stroop.exe"
Args length:	108/32768 chars
Exit code:	0


Version:	3.50
CmdLine:	C:\Users\Alondra Bio\Documents\NetBeansProjects\colorStroopGame\dist\Executable File\Color Stroop.exe --l4j-debug
JNI:		No
WOW64:		Yes
Working dir:	C:\Users\Alondra Bio\Documents\NetBeansProjects\colorStroopGame\dist\Executable File\.
Requires JDK:	No
Requires 64-Bit: No
Java min ver:	
Java max ver:	
Substitute:	JAVA_HOME = 
Substitute:	PATH = C:\Program Files\Common Files\Oracle\Java\javapath;C:\Program Files (x86)\Common Files\Oracle\Java\javapath;D:\Scripts\;D:\;C:\Windows\system32;C:\Windows;C:\Windows\System32\Wbem;C:\Windows\System32\WindowsPowerShell\v1.0\;C:\Windows\System32\OpenSSH\;C:\Program Files\Microsoft SQL Server\150\Tools\Binn\;C:\Program Files\Microsoft SQL Server\Client SDK\ODBC\170\Tools\Binn\;C:\Program Files\dotnet\;C:\Program Files\Java\jdk-18.0.2.1\bin;C:\Users\Alondra Bio\Documents\NetBeansProjects\apache-opennlp-2.1.0-bin\apache-opennlp-2.1.0;C:\Users\Alondra Bio\AppData\Local\Microsoft\WindowsApps;D:\Microsoft VS Code\bin;C:\Users\Alondra Bio\.dotnet\tools;C:\Program Files\Java\jdk-20\bin
JRE paths:	;C:\Program Files\Common Files\Oracle\Java\javapath;C:\Program Files (x86)\Common Files\Oracle\Java\javapath;D:\Scripts\;D:\;C:\Windows\system32;C:\Windows;C:\Windows\System32\Wbem;C:\Windows\System32\WindowsPowerShell\v1.0\;C:\Windows\System32\OpenSSH\;C:\Program Files\Microsoft SQL Server\150\Tools\Binn\;C:\Program Files\Microsoft SQL Server\Client SDK\ODBC\170\Tools\Binn\;C:\Program Files\dotnet\;C:\Program Files\Java\jdk-18.0.2.1\bin;C:\Users\Alondra Bio\Documents\NetBeansProjects\apache-opennlp-2.1.0-bin\apache-opennlp-2.1.0;C:\Users\Alondra Bio\AppData\Local\Microsoft\WindowsApps;D:\Microsoft VS Code\bin;C:\Users\Alondra Bio\.dotnet\tools;C:\Program Files\Java\jdk-20\bin
Check launcher:	C:\Program Files\Common Files\Oracle\Java\javapath\bin\javaw.exe (not found)
Check launcher:	C:\Program Files (x86)\Common Files\Oracle\Java\javapath\bin\javaw.exe (not found)
Check launcher:	D:\Scripts\bin\javaw.exe (not found)
Check launcher:	D:\bin\javaw.exe (not found)
Check launcher:	C:\Windows\system32\bin\javaw.exe (not found)
Check launcher:	C:\Windows\bin\javaw.exe (not found)
Check launcher:	C:\Windows\System32\Wbem\bin\javaw.exe (not found)
Check launcher:	C:\Windows\System32\WindowsPowerShell\v1.0\bin\javaw.exe (not found)
Check launcher:	C:\Windows\System32\OpenSSH\bin\javaw.exe (not found)
Check launcher:	C:\Program Files\Microsoft SQL Server\150\Tools\Binn\bin\javaw.exe (not found)
Check launcher:	C:\Program Files\Microsoft SQL Server\Client SDK\ODBC\170\Tools\Binn\bin\javaw.exe (not found)
Check launcher:	C:\Program Files\dotnet\bin\javaw.exe (not found)
Check launcher:	C:\Program Files\Java\jdk-18.0.2.1\bin\javaw.exe (not found)
Check launcher:	C:\Users\Alondra Bio\Documents\NetBeansProjects\apache-opennlp-2.1.0-bin\apache-opennlp-2.1.0\bin\javaw.exe (not found)
Check launcher:	C:\Users\Alondra Bio\AppData\Local\Microsoft\WindowsApps\bin\javaw.exe (not found)
Check launcher:	D:\Microsoft VS Code\bin\javaw.exe (not found)
Check launcher:	C:\Users\Alondra Bio\.dotnet\tools\bin\javaw.exe (not found)
Check launcher:	C:\Program Files\Java\jdk-20\bin\javaw.exe (OK)
Version string: 1.020.000_001 / 64-Bit (OK)
Launcher:	C:\Program Files\Java\jdk-20\bin\javaw.exe
Launcher args:	-jar "C:\Users\Alondra Bio\Documents\NetBeansProjects\colorStroopGame\dist\Executable File\Color Stroop.exe"
Args length:	108/32768 chars
Exit code:	0
